<?xml version="1.0" encoding="UTF-8"?>
<!-- Generated by org.testng.reporters.JUnitReportReporter -->
<testsuite hostname="BINTERNS-QA44L" failures="0" tests="8" name="com.blinkit.test.HotelBookingTest" time="51.571" errors="0" timestamp="2023-05-03T11:48:55 IST" skipped="1">
  <testcase classname="com.blinkit.test.HotelBookingTest" name="View_RoomBtnTest" time="6.153"/>
  <system-out/>
  <testcase classname="com.blinkit.test.HotelBookingTest" name="City_TextFieldTest" time="20.830"/>
  <system-out/>
  <testcase classname="com.blinkit.test.HotelBookingTest" name="Click_searchBtnTest" time="8.163"/>
  <system-out/>
  <testcase classname="com.blinkit.test.HotelBookingTest" name="Click_BookNowBtnTest" time="3.077"/>
  <system-out/>
  <testcase classname="com.blinkit.test.HotelBookingTest" name="PaymentBtnTest" time="2.781"/>
  <system-out/>
  <testcase classname="com.blinkit.test.HotelBookingTest" name="search_ButtonVisibiltyTest" time="3.055"/>
  <system-out/>
  <testcase classname="com.blinkit.test.HotelBookingTest" name="PageTitleTest" time="7.512"/>
  <system-out/>
  <testcase classname="com.blinkit.test.HotelBookingTest" name="Hotel_Listing_LinkTest">
    <skipped/>
  </testcase> <!-- Hotel_Listing_LinkTest -->
  <system-out/>
</testsuite> <!-- com.blinkit.test.HotelBookingTest -->
